# JRE version: Java(TM) SE Runtime Environment (17.0.12+8) (build 17.0.12+8-LTS-286)
# Java VM: Java HotSpot(TM) 64-Bit Server VM (17.0.12+8-LTS-286, mixed mode, sharing, tiered, compressed oops, compressed class ptrs, g1 gc, windows-amd64)
GC Precious Log:
 CPUs: 8 total, 8 available
 Memory: 8029M
 Large Page Support: Disabled
 NUMA Support: Disabled
 Compressed Oops: Enabled (32-bit)
 Heap Region Size: 1M
 Heap Min Capacity: 8M
 Heap Initial Capacity: 126M
 Heap Max Capacity: 2G
 Pre-touch: Disabled
 Parallel Workers: 8
 Concurrent Workers: 2
 Concurrent Refinement Workers: 8
 Periodic GC: Disabled
Heap:
 garbage-first heap   total 446464K, used 339968K [0x0000000080000000, 0x0000000100000000)
  region size 1024K, 35 young (35840K), 11 survivors (11264K)
 Metaspace       used 130313K, committed 132096K, reserved 557056K
  class space    used 17601K, committed 18432K, reserved 425984K
GC Heap History (20 events):
Event: 38.640 GC heap before
{Heap before GC invocations=66 (full 0):
 garbage-first heap   total 446464K, used 375637K [0x0000000080000000, 0x0000000100000000)
  region size 1024K, 99 young (101376K), 6 survivors (6144K)
 Metaspace       used 119283K, committed 120832K, reserved 557056K
  class space    used 16432K, committed 17152K, reserved 425984K
}
Event: 38.649 GC heap after
{Heap after GC invocations=67 (full 0):
 garbage-first heap   total 446464K, used 285582K [0x0000000080000000, 0x0000000100000000)
  region size 1024K, 10 young (10240K), 10 survivors (10240K)
 Metaspace       used 119283K, committed 120832K, reserved 557056K
  class space    used 16432K, committed 17152K, reserved 425984K
}
Event: 39.224 GC heap before
{Heap before GC invocations=67 (full 0):
 garbage-first heap   total 446464K, used 376718K [0x0000000080000000, 0x0000000100000000)
  region size 1024K, 100 young (102400K), 10 survivors (10240K)
 Metaspace       used 119475K, committed 120960K, reserved 557056K
  class space    used 16457K, committed 17152K, reserved 425984K
}
Event: 39.236 GC heap after
{Heap after GC invocations=68 (full 0):
 garbage-first heap   total 446464K, used 288900K [0x0000000080000000, 0x0000000100000000)
  region size 1024K, 10 young (10240K), 10 survivors (10240K)
 Metaspace       used 119475K, committed 120960K, reserved 557056K
  class space    used 16457K, committed 17152K, reserved 425984K
}
Event: 39.967 GC heap before
{Heap before GC invocations=68 (full 0):
 garbage-first heap   total 446464K, used 379012K [0x0000000080000000, 0x0000000100000000)
  region size 1024K, 99 young (101376K), 10 survivors (10240K)
 Metaspace       used 119778K, committed 121344K, reserved 557056K
  class space    used 16482K, committed 17216K, reserved 425984K
}
Event: 39.979 GC heap after
{Heap after GC invocations=69 (full 0):
 garbage-first heap   total 446464K, used 293354K [0x0000000080000000, 0x0000000100000000)
  region size 1024K, 10 young (10240K), 10 survivors (10240K)
 Metaspace       used 119778K, committed 121344K, reserved 557056K
  class space    used 16482K, committed 17216K, reserved 425984K
}
Event: 40.482 GC heap before
{Heap before GC invocations=69 (full 0):
 garbage-first heap   total 446464K, used 379370K [0x0000000080000000, 0x0000000100000000)
  region size 1024K, 95 young (97280K), 10 survivors (10240K)
 Metaspace       used 119917K, committed 121472K, reserved 557056K
  class space    used 16496K, committed 17216K, reserved 425984K
}
Event: 40.494 GC heap after
{Heap after GC invocations=70 (full 0):
 garbage-first heap   total 446464K, used 295309K [0x0000000080000000, 0x0000000100000000)
  region size 1024K, 5 young (5120K), 5 survivors (5120K)
 Metaspace       used 119917K, committed 121472K, reserved 557056K
  class space    used 16496K, committed 17216K, reserved 425984K
}
Event: 40.928 GC heap before
{Heap before GC invocations=70 (full 0):
 garbage-first heap   total 446464K, used 381325K [0x0000000080000000, 0x0000000100000000)
  region size 1024K, 90 young (92160K), 5 survivors (5120K)
 Metaspace       used 119940K, committed 121472K, reserved 557056K
  class space    used 16499K, committed 17216K, reserved 425984K
}
Event: 40.935 GC heap after
{Heap after GC invocations=71 (full 0):
 garbage-first heap   total 446464K, used 297139K [0x0000000080000000, 0x0000000100000000)
  region size 1024K, 7 young (7168K), 7 survivors (7168K)
 Metaspace       used 119940K, committed 121472K, reserved 557056K
  class space    used 16499K, committed 17216K, reserved 425984K
}
Event: 41.953 GC heap before
{Heap before GC invocations=71 (full 0):
 garbage-first heap   total 446464K, used 382131K [0x0000000080000000, 0x0000000100000000)
  region size 1024K, 91 young (93184K), 7 survivors (7168K)
 Metaspace       used 122049K, committed 123712K, reserved 557056K
  class space    used 16782K, committed 17536K, reserved 425984K
}
Event: 41.960 GC heap after
{Heap after GC invocations=72 (full 0):
 garbage-first heap   total 446464K, used 300808K [0x0000000080000000, 0x0000000100000000)
  region size 1024K, 9 young (9216K), 9 survivors (9216K)
 Metaspace       used 122049K, committed 123712K, reserved 557056K
  class space    used 16782K, committed 17536K, reserved 425984K
}
Event: 95.347 GC heap before
{Heap before GC invocations=72 (full 0):
 garbage-first heap   total 446464K, used 381704K [0x0000000080000000, 0x0000000100000000)
  region size 1024K, 89 young (91136K), 9 survivors (9216K)
 Metaspace       used 123177K, committed 124864K, reserved 557056K
  class space    used 16909K, committed 17664K, reserved 425984K
}
Event: 95.355 GC heap after
{Heap after GC invocations=73 (full 0):
 garbage-first heap   total 446464K, used 303457K [0x0000000080000000, 0x0000000100000000)
  region size 1024K, 9 young (9216K), 9 survivors (9216K)
 Metaspace       used 123177K, committed 124864K, reserved 557056K
  class space    used 16909K, committed 17664K, reserved 425984K
}
Event: 183.438 GC heap before
{Heap before GC invocations=73 (full 0):
 garbage-first heap   total 446464K, used 383329K [0x0000000080000000, 0x0000000100000000)
  region size 1024K, 88 young (90112K), 9 survivors (9216K)
 Metaspace       used 128832K, committed 130496K, reserved 557056K
  class space    used 17505K, committed 18240K, reserved 425984K
}
Event: 183.448 GC heap after
{Heap after GC invocations=74 (full 0):
 garbage-first heap   total 446464K, used 307136K [0x0000000080000000, 0x0000000100000000)
  region size 1024K, 9 young (9216K), 9 survivors (9216K)
 Metaspace       used 128832K, committed 130496K, reserved 557056K
  class space    used 17505K, committed 18240K, reserved 425984K
}
Event: 1520.771 GC heap before
{Heap before GC invocations=74 (full 0):
 garbage-first heap   total 446464K, used 384960K [0x0000000080000000, 0x0000000100000000)
  region size 1024K, 86 young (88064K), 9 survivors (9216K)
 Metaspace       used 129717K, committed 131392K, reserved 557056K
  class space    used 17553K, committed 18304K, reserved 425984K
}
Event: 1520.852 GC heap after
{Heap after GC invocations=75 (full 0):
 garbage-first heap   total 446464K, used 308995K [0x0000000080000000, 0x0000000100000000)
  region size 1024K, 6 young (6144K), 6 survivors (6144K)
 Metaspace       used 129717K, committed 131392K, reserved 557056K
  class space    used 17553K, committed 18304K, reserved 425984K
}
Event: 1525.960 GC heap before
{Heap before GC invocations=75 (full 0):
 garbage-first heap   total 446464K, used 385795K [0x0000000080000000, 0x0000000100000000)
  region size 1024K, 82 young (83968K), 6 survivors (6144K)
 Metaspace       used 130272K, committed 132032K, reserved 557056K
  class space    used 17596K, committed 18432K, reserved 425984K
}
Event: 1525.981 GC heap after
{Heap after GC invocations=76 (full 0):
 garbage-first heap   total 446464K, used 317440K [0x0000000080000000, 0x0000000100000000)
  region size 1024K, 11 young (11264K), 11 survivors (11264K)
 Metaspace       used 130272K, committed 132032K, reserved 557056K
  class space    used 17596K, committed 18432K, reserved 425984K
}

